mode: set
github.com/Ganes556/golang_I-Gusti-Agung-Ganes-Satsangga-Dipa/controllers/book_controller.go:12.37,16.51 2 0
github.com/Ganes556/golang_I-Gusti-Agung-Ganes-Satsangga-Dipa/controllers/book_controller.go:16.51,18.4 1 0
github.com/Ganes556/golang_I-Gusti-Agung-Ganes-Satsangga-Dipa/controllers/book_controller.go:20.2,23.4 1 0
github.com/Ganes556/golang_I-Gusti-Agung-Ganes-Satsangga-Dipa/controllers/book_controller.go:26.36,30.16 3 0
github.com/Ganes556/golang_I-Gusti-Agung-Ganes-Satsangga-Dipa/controllers/book_controller.go:30.16,32.3 1 0
github.com/Ganes556/golang_I-Gusti-Agung-Ganes-Satsangga-Dipa/controllers/book_controller.go:34.2,36.55 2 0
github.com/Ganes556/golang_I-Gusti-Agung-Ganes-Satsangga-Dipa/controllers/book_controller.go:36.55,38.3 1 0
github.com/Ganes556/golang_I-Gusti-Agung-Ganes-Satsangga-Dipa/controllers/book_controller.go:40.2,43.4 1 0
github.com/Ganes556/golang_I-Gusti-Agung-Ganes-Satsangga-Dipa/controllers/book_controller.go:46.39,51.88 3 0
github.com/Ganes556/golang_I-Gusti-Agung-Ganes-Satsangga-Dipa/controllers/book_controller.go:51.88,53.4 1 0
github.com/Ganes556/golang_I-Gusti-Agung-Ganes-Satsangga-Dipa/controllers/book_controller.go:55.2,55.64 1 0
github.com/Ganes556/golang_I-Gusti-Agung-Ganes-Satsangga-Dipa/controllers/book_controller.go:55.64,57.4 1 0
github.com/Ganes556/golang_I-Gusti-Agung-Ganes-Satsangga-Dipa/controllers/book_controller.go:59.2,64.4 2 0
github.com/Ganes556/golang_I-Gusti-Agung-Ganes-Satsangga-Dipa/controllers/book_controller.go:67.39,72.16 3 0
github.com/Ganes556/golang_I-Gusti-Agung-Ganes-Satsangga-Dipa/controllers/book_controller.go:72.16,74.3 1 0
github.com/Ganes556/golang_I-Gusti-Agung-Ganes-Satsangga-Dipa/controllers/book_controller.go:76.2,76.64 1 0
github.com/Ganes556/golang_I-Gusti-Agung-Ganes-Satsangga-Dipa/controllers/book_controller.go:76.64,78.3 1 0
github.com/Ganes556/golang_I-Gusti-Agung-Ganes-Satsangga-Dipa/controllers/book_controller.go:80.2,84.4 2 0
github.com/Ganes556/golang_I-Gusti-Agung-Ganes-Satsangga-Dipa/controllers/book_controller.go:89.39,93.16 3 0
github.com/Ganes556/golang_I-Gusti-Agung-Ganes-Satsangga-Dipa/controllers/book_controller.go:93.16,95.3 1 0
github.com/Ganes556/golang_I-Gusti-Agung-Ganes-Satsangga-Dipa/controllers/book_controller.go:97.2,99.55 2 0
github.com/Ganes556/golang_I-Gusti-Agung-Ganes-Satsangga-Dipa/controllers/book_controller.go:99.55,101.3 1 0
github.com/Ganes556/golang_I-Gusti-Agung-Ganes-Satsangga-Dipa/controllers/book_controller.go:103.2,105.87 2 0
github.com/Ganes556/golang_I-Gusti-Agung-Ganes-Satsangga-Dipa/controllers/book_controller.go:105.87,107.3 1 0
github.com/Ganes556/golang_I-Gusti-Agung-Ganes-Satsangga-Dipa/controllers/book_controller.go:109.2,113.4 2 0
github.com/Ganes556/golang_I-Gusti-Agung-Ganes-Satsangga-Dipa/controllers/user_controller.go:13.37,24.2 3 1
github.com/Ganes556/golang_I-Gusti-Agung-Ganes-Satsangga-Dipa/controllers/user_controller.go:27.36,31.16 3 1
github.com/Ganes556/golang_I-Gusti-Agung-Ganes-Satsangga-Dipa/controllers/user_controller.go:31.16,33.3 1 1
github.com/Ganes556/golang_I-Gusti-Agung-Ganes-Satsangga-Dipa/controllers/user_controller.go:35.3,37.16 3 1
github.com/Ganes556/golang_I-Gusti-Agung-Ganes-Satsangga-Dipa/controllers/user_controller.go:37.16,39.3 1 1
github.com/Ganes556/golang_I-Gusti-Agung-Ganes-Satsangga-Dipa/controllers/user_controller.go:41.2,44.4 1 1
github.com/Ganes556/golang_I-Gusti-Agung-Ganes-Satsangga-Dipa/controllers/user_controller.go:49.39,53.88 3 1
github.com/Ganes556/golang_I-Gusti-Agung-Ganes-Satsangga-Dipa/controllers/user_controller.go:53.88,55.4 1 1
github.com/Ganes556/golang_I-Gusti-Agung-Ganes-Satsangga-Dipa/controllers/user_controller.go:57.3,57.77 1 1
github.com/Ganes556/golang_I-Gusti-Agung-Ganes-Satsangga-Dipa/controllers/user_controller.go:57.77,59.4 1 1
github.com/Ganes556/golang_I-Gusti-Agung-Ganes-Satsangga-Dipa/controllers/user_controller.go:61.3,66.5 2 1
github.com/Ganes556/golang_I-Gusti-Agung-Ganes-Satsangga-Dipa/controllers/user_controller.go:70.39,74.16 3 1
github.com/Ganes556/golang_I-Gusti-Agung-Ganes-Satsangga-Dipa/controllers/user_controller.go:74.16,78.3 1 1
github.com/Ganes556/golang_I-Gusti-Agung-Ganes-Satsangga-Dipa/controllers/user_controller.go:80.2,80.64 1 1
github.com/Ganes556/golang_I-Gusti-Agung-Ganes-Satsangga-Dipa/controllers/user_controller.go:80.64,82.3 1 1
github.com/Ganes556/golang_I-Gusti-Agung-Ganes-Satsangga-Dipa/controllers/user_controller.go:84.2,88.4 2 1
github.com/Ganes556/golang_I-Gusti-Agung-Ganes-Satsangga-Dipa/controllers/user_controller.go:93.39,100.16 5 1
github.com/Ganes556/golang_I-Gusti-Agung-Ganes-Satsangga-Dipa/controllers/user_controller.go:100.16,102.3 1 1
github.com/Ganes556/golang_I-Gusti-Agung-Ganes-Satsangga-Dipa/controllers/user_controller.go:104.2,104.87 1 1
github.com/Ganes556/golang_I-Gusti-Agung-Ganes-Satsangga-Dipa/controllers/user_controller.go:104.87,106.4 1 1
github.com/Ganes556/golang_I-Gusti-Agung-Ganes-Satsangga-Dipa/controllers/user_controller.go:107.2,108.16 2 1
github.com/Ganes556/golang_I-Gusti-Agung-Ganes-Satsangga-Dipa/controllers/user_controller.go:108.16,110.3 1 1
github.com/Ganes556/golang_I-Gusti-Agung-Ganes-Satsangga-Dipa/controllers/user_controller.go:112.2,116.4 2 1
